This file contains any messages produced by compilers while
running configure, to aid debugging if configure makes a mistake.

It was created by cpuminer-multi configure 1.2-dev, which was
generated by GNU Autoconf 2.69.  Invocation command line was

  $ ./configure --with-curl

## --------- ##
## Platform. ##
## --------- ##

hostname = Microsoft-PC
uname -m = i686
uname -r = 1.0.17(0.48/3/2)
uname -s = MINGW32_NT-6.2
uname -v = 2011-04-24 23:39

/usr/bin/uname -p = unknown
/bin/uname -X     = unknown

/bin/arch              = unknown
/usr/bin/arch -k       = unknown
/usr/convex/getsysinfo = unknown
/usr/bin/hostinfo      = unknown
/bin/machine           = unknown
/usr/bin/oslevel       = unknown
/bin/universe          = unknown

PATH: .
PATH: /usr/local/bin
PATH: /mingw/bin
PATH: /bin
PATH: /c/Program Files/NVIDIA GPU Computing Toolkit/CUDA/v6.5/bin
PATH: /c/Program Files/NVIDIA GPU Computing Toolkit/CUDA/v6.5/libnvvp
PATH: /c/Program Files/NVIDIA GPU Computing Toolkit/CUDA/v7.5/bin
PATH: /c/Program Files/NVIDIA GPU Computing Toolkit/CUDA/v7.5/libnvvp
PATH: /c/Users/microsoft/AMD APP SDK/2.9-1/bin/x86_64
PATH: /c/Users/microsoft/AMD APP SDK/2.9-1/bin/x86
PATH: /c/Program Files (x86)/AMD APP SDK/2.9-1/bin/x86_64
PATH: /c/Program Files (x86)/AMD APP SDK/2.9-1/bin/x86
PATH: /c/ProgramData/Oracle/Java/javapath
PATH: /c/Windows/system32
PATH: /c/Windows
PATH: /c/Windows/System32/Wbem
PATH: /c/Windows/System32/WindowsPowerShell/v1.0/
PATH: /c/Program Files (x86)/Skype/Phone/
PATH: /c/Program Files (x86)/NVIDIA Corporation/PhysX/Common
PATH: /c/Users/microsoft/.dnx/bin
PATH: /c/Program Files/Microsoft DNX/Dnvm/
PATH: /c/Program Files/Microsoft SQL Server/120/Tools/Binn/
PATH: /c/Program Files/Microsoft SQL Server/130/Tools/Binn/
PATH: /c/Program Files (x86)/Xoreax/IncrediBuild
PATH: /c/adb
PATH: /c/Go/bin
PATH: /c/Program Files (x86)/Heroku/bin
PATH: /c/Program Files (x86)/git/cmd
PATH: /c/Program Files (x86)/nodejs/
PATH: /c/Program Files/Git/cmd
PATH: /c/Windows/system32/config/systemprofile/.dnx/bin
PATH: /c/Program Files/Microsoft DNX/Dnvm/
PATH: /c/Program Files (x86)/Windows Kits/10/Windows Performance Toolkit/
PATH: /c/Program Files (x86)/Microsoft Emulator Manager/1.0/
PATH: /c/Users/microsoft/AppData/Roaming/npm
PATH: /c/GNUstep/GNUstep/System/Tools
PATH: /c/msys/bin


## ----------- ##
## Core tests. ##
## ----------- ##

configure:2379: checking build system type
configure:2393: result: i686-pc-mingw32
configure:2413: checking host system type
configure:2426: result: i686-pc-mingw32
configure:2446: checking target system type
configure:2459: result: i686-pc-mingw32
configure:2507: checking for a BSD-compatible install
configure:2575: result: /bin/install -c
configure:2586: checking whether build environment is sane
configure:2641: result: yes
configure:2792: checking for a thread-safe mkdir -p
configure:2831: result: /bin/mkdir -p
configure:2838: checking for gawk
configure:2854: found /bin/gawk
configure:2865: result: gawk
configure:2876: checking whether make sets $(MAKE)
configure:2898: result: yes
configure:2986: checking whether to enable maintainer-specific portions of Makefiles
configure:2995: result: no
configure:3021: checking for style of include used by make
configure:3049: result: GNU
configure:3120: checking for gcc
configure:3150: result: no
configure:3213: checking for cc
configure:3260: result: no
configure:3316: checking for cl.exe
configure:3346: result: no
configure:3370: error: in `/c/1/vscompiles/cpuminer-opt-3.4.1':
configure:3372: error: no acceptable C compiler found in $PATH
See `config.log' for more details

## ---------------- ##
## Cache variables. ##
## ---------------- ##

ac_cv_build=i686-pc-mingw32
ac_cv_env_CCASFLAGS_set=
ac_cv_env_CCASFLAGS_value=
ac_cv_env_CCAS_set=
ac_cv_env_CCAS_value=
ac_cv_env_CCC_set=
ac_cv_env_CCC_value=
ac_cv_env_CC_set=
ac_cv_env_CC_value=
ac_cv_env_CFLAGS_set=set
ac_cv_env_CFLAGS_value='-O3 -march=native -Wall'
ac_cv_env_CPPFLAGS_set=
ac_cv_env_CPPFLAGS_value=
ac_cv_env_CPP_set=
ac_cv_env_CPP_value=
ac_cv_env_CXXFLAGS_set=set
ac_cv_env_CXXFLAGS_value=' -std=gnu++11 -fpermissive'
ac_cv_env_CXX_set=
ac_cv_env_CXX_value=
ac_cv_env_LDFLAGS_set=
ac_cv_env_LDFLAGS_value=
ac_cv_env_LIBS_set=
ac_cv_env_LIBS_value=
ac_cv_env_build_alias_set=
ac_cv_env_build_alias_value=
ac_cv_env_host_alias_set=
ac_cv_env_host_alias_value=
ac_cv_env_target_alias_set=
ac_cv_env_target_alias_value=
ac_cv_host=i686-pc-mingw32
ac_cv_path_install='/bin/install -c'
ac_cv_path_mkdir=/bin/mkdir
ac_cv_prog_AWK=gawk
ac_cv_prog_make_make_set=yes
ac_cv_target=i686-pc-mingw32

## ----------------- ##
## Output variables. ##
## ----------------- ##

ACLOCAL='${SHELL} /c/1/vscompiles/cpuminer-opt-3.4.1/missing --run aclocal-1.12'
ALLOCA=''
AMDEPBACKSLASH='\'
AMDEP_FALSE='#'
AMDEP_TRUE=''
AMTAR='$${TAR-tar}'
ARCH_ARM_FALSE=''
ARCH_ARM_TRUE=''
ARCH_x86_64_FALSE=''
ARCH_x86_64_TRUE=''
ARCH_x86_FALSE=''
ARCH_x86_TRUE=''
AUTOCONF='${SHELL} /c/1/vscompiles/cpuminer-opt-3.4.1/missing --run autoconf'
AUTOHEADER='${SHELL} /c/1/vscompiles/cpuminer-opt-3.4.1/missing --run autoheader'
AUTOMAKE='${SHELL} /c/1/vscompiles/cpuminer-opt-3.4.1/missing --run automake-1.12'
AWK='gawk'
CC=''
CCAS=''
CCASDEPMODE=''
CCASFLAGS=''
CCDEPMODE=''
CFLAGS='-O3 -march=native -Wall'
CPP=''
CPPFLAGS=''
CXX=''
CXXDEPMODE=''
CXXFLAGS=' -std=gnu++11 -fpermissive'
CYGPATH_W='echo'
DEFS=''
DEPDIR='.deps'
ECHO_C=''
ECHO_N='-n'
ECHO_T=''
EGREP=''
EXEEXT=''
GREP=''
HAVE_WINDOWS_FALSE=''
HAVE_WINDOWS_TRUE=''
INSTALL_DATA='${INSTALL} -m 644'
INSTALL_PROGRAM='${INSTALL}'
INSTALL_SCRIPT='${INSTALL}'
INSTALL_STRIP_PROGRAM='$(install_sh) -c -s'
JANSSON_LIBS=''
LDFLAGS=''
LIBCURL=''
LIBCURL_CFLAGS=''
LIBCURL_CPPFLAGS=''
LIBOBJS=''
LIBS=''
LTLIBOBJS=''
MAINT='#'
MAINTAINER_MODE_FALSE=''
MAINTAINER_MODE_TRUE='#'
MAKEINFO='${SHELL} /c/1/vscompiles/cpuminer-opt-3.4.1/missing --run makeinfo'
MINGW_FALSE=''
MINGW_TRUE=''
MKDIR_P='/bin/mkdir -p'
OBJEXT=''
PACKAGE='cpuminer-multi'
PACKAGE_BUGREPORT=''
PACKAGE_NAME='cpuminer-multi'
PACKAGE_STRING='cpuminer-multi 1.2-dev'
PACKAGE_TARNAME='cpuminer-multi'
PACKAGE_URL=''
PACKAGE_VERSION='1.2-dev'
PATH_SEPARATOR=':'
PTHREAD_FLAGS=''
PTHREAD_LIBS=''
RANLIB=''
SET_MAKE=''
SHELL='/bin/sh'
STRIP=''
USE_ASM_FALSE=''
USE_ASM_TRUE=''
VERSION='1.2-dev'
WANT_JANSSON_FALSE=''
WANT_JANSSON_TRUE=''
WS2_LIBS=''
ac_ct_CC=''
ac_ct_CXX=''
am__EXEEXT_FALSE=''
am__EXEEXT_TRUE=''
am__fastdepCCAS_FALSE=''
am__fastdepCCAS_TRUE=''
am__fastdepCC_FALSE=''
am__fastdepCC_TRUE=''
am__fastdepCXX_FALSE=''
am__fastdepCXX_TRUE=''
am__include='include'
am__isrc=''
am__leading_dot='.'
am__nodep='_no'
am__quote=''
am__tar='$${TAR-tar} chof - "$$tardir"'
am__untar='$${TAR-tar} xf -'
bindir='${exec_prefix}/bin'
build='i686-pc-mingw32'
build_alias=''
build_cpu='i686'
build_os='mingw32'
build_vendor='pc'
datadir='${datarootdir}'
datarootdir='${prefix}/share'
docdir='${datarootdir}/doc/${PACKAGE_TARNAME}'
dvidir='${docdir}'
exec_prefix='NONE'
host='i686-pc-mingw32'
host_alias=''
host_cpu='i686'
host_os='mingw32'
host_vendor='pc'
htmldir='${docdir}'
includedir='${prefix}/include'
infodir='${datarootdir}/info'
install_sh='${SHELL} /c/1/vscompiles/cpuminer-opt-3.4.1/install-sh'
libdir='${exec_prefix}/lib'
libexecdir='${exec_prefix}/libexec'
localedir='${datarootdir}/locale'
localstatedir='${prefix}/var'
mandir='${datarootdir}/man'
mkdir_p='$(MKDIR_P)'
oldincludedir='/usr/include'
pdfdir='${docdir}'
prefix='NONE'
program_transform_name='s,x,x,'
psdir='${docdir}'
sbindir='${exec_prefix}/sbin'
sharedstatedir='${prefix}/com'
sysconfdir='${prefix}/etc'
target='i686-pc-mingw32'
target_alias=''
target_cpu='i686'
target_os='mingw32'
target_vendor='pc'

## ----------- ##
## confdefs.h. ##
## ----------- ##

/* confdefs.h */
#define PACKAGE_NAME "cpuminer-multi"
#define PACKAGE_TARNAME "cpuminer-multi"
#define PACKAGE_VERSION "1.2-dev"
#define PACKAGE_STRING "cpuminer-multi 1.2-dev"
#define PACKAGE_BUGREPORT ""
#define PACKAGE_URL ""
#define PACKAGE "cpuminer-multi"
#define VERSION "1.2-dev"

configure: exit 1
